<?xml version="1.0" encoding="UTF-8"?>
<testsuites>
  <testsuite name="fastlane.lanes">
    
    
    
      
      <testcase classname="fastlane.lanes" name="0: default_platform" time="0.014349">
        
      </testcase>
    
      
      <testcase classname="fastlane.lanes" name="1: gradle" time="86.259183">
        
      </testcase>
    
      
      <testcase classname="fastlane.lanes" name="2: Switch to android fabric lane" time="0.00752">
        
      </testcase>
    
      
      <testcase classname="fastlane.lanes" name="3: crashlytics" time="0.402773">
        
          <failure message="/Users/anton/.fastlane/bin/bundle/lib/ruby/gems/2.2.0/gems/fastlane-2.84.0/fastlane/lib/fastlane/actions/actions_helper.rb:48:in `execute_action'&#10;/Users/anton/.fastlane/bin/bundle/lib/ruby/gems/2.2.0/gems/fastlane-2.84.0/fastlane/lib/fastlane/runner.rb:236:in `block in execute_action'&#10;/Users/anton/.fastlane/bin/bundle/lib/ruby/gems/2.2.0/gems/fastlane-2.84.0/fastlane/lib/fastlane/runner.rb:231:in `chdir'&#10;/Users/anton/.fastlane/bin/bundle/lib/ruby/gems/2.2.0/gems/fastlane-2.84.0/fastlane/lib/fastlane/runner.rb:231:in `execute_action'&#10;/Users/anton/.fastlane/bin/bundle/lib/ruby/gems/2.2.0/gems/fastlane-2.84.0/fastlane/lib/fastlane/runner.rb:157:in `trigger_action_by_name'&#10;/Users/anton/.fastlane/bin/bundle/lib/ruby/gems/2.2.0/gems/fastlane-2.84.0/fastlane/lib/fastlane/fast_file.rb:148:in `method_missing'&#10;Fastfile:32:in `block (2 levels) in parsing_binding'&#10;/Users/anton/.fastlane/bin/bundle/lib/ruby/gems/2.2.0/gems/fastlane-2.84.0/fastlane/lib/fastlane/lane.rb:33:in `call'&#10;/Users/anton/.fastlane/bin/bundle/lib/ruby/gems/2.2.0/gems/fastlane-2.84.0/fastlane/lib/fastlane/lane.rb:33:in `call'&#10;/Users/anton/.fastlane/bin/bundle/lib/ruby/gems/2.2.0/gems/fastlane-2.84.0/fastlane/lib/fastlane/runner.rb:204:in `try_switch_to_lane'&#10;/Users/anton/.fastlane/bin/bundle/lib/ruby/gems/2.2.0/gems/fastlane-2.84.0/fastlane/lib/fastlane/runner.rb:146:in `trigger_action_by_name'&#10;/Users/anton/.fastlane/bin/bundle/lib/ruby/gems/2.2.0/gems/fastlane-2.84.0/fastlane/lib/fastlane/fast_file.rb:148:in `method_missing'&#10;Fastfile:23:in `block (2 levels) in parsing_binding'&#10;/Users/anton/.fastlane/bin/bundle/lib/ruby/gems/2.2.0/gems/fastlane-2.84.0/fastlane/lib/fastlane/lane.rb:33:in `call'&#10;/Users/anton/.fastlane/bin/bundle/lib/ruby/gems/2.2.0/gems/fastlane-2.84.0/fastlane/lib/fastlane/lane.rb:33:in `call'&#10;/Users/anton/.fastlane/bin/bundle/lib/ruby/gems/2.2.0/gems/fastlane-2.84.0/fastlane/lib/fastlane/runner.rb:49:in `block in execute'&#10;/Users/anton/.fastlane/bin/bundle/lib/ruby/gems/2.2.0/gems/fastlane-2.84.0/fastlane/lib/fastlane/runner.rb:45:in `chdir'&#10;/Users/anton/.fastlane/bin/bundle/lib/ruby/gems/2.2.0/gems/fastlane-2.84.0/fastlane/lib/fastlane/runner.rb:45:in `execute'&#10;/Users/anton/.fastlane/bin/bundle/lib/ruby/gems/2.2.0/gems/fastlane-2.84.0/fastlane/lib/fastlane/lane_manager.rb:57:in `cruise_lane'&#10;/Users/anton/.fastlane/bin/bundle/lib/ruby/gems/2.2.0/gems/fastlane-2.84.0/fastlane/lib/fastlane/command_line_handler.rb:36:in `handle'&#10;/Users/anton/.fastlane/bin/bundle/lib/ruby/gems/2.2.0/gems/fastlane-2.84.0/fastlane/lib/fastlane/commands_generator.rb:108:in `block (2 levels) in run'&#10;/Users/anton/.fastlane/bin/bundle/lib/ruby/gems/2.2.0/gems/commander-fastlane-4.4.6/lib/commander/command.rb:178:in `call'&#10;/Users/anton/.fastlane/bin/bundle/lib/ruby/gems/2.2.0/gems/commander-fastlane-4.4.6/lib/commander/command.rb:178:in `call'&#10;/Users/anton/.fastlane/bin/bundle/lib/ruby/gems/2.2.0/gems/commander-fastlane-4.4.6/lib/commander/command.rb:153:in `run'&#10;/Users/anton/.fastlane/bin/bundle/lib/ruby/gems/2.2.0/gems/commander-fastlane-4.4.6/lib/commander/runner.rb:476:in `run_active_command'&#10;/Users/anton/.fastlane/bin/bundle/lib/ruby/gems/2.2.0/gems/fastlane-2.84.0/fastlane_core/lib/fastlane_core/ui/fastlane_runner.rb:76:in `run!'&#10;/Users/anton/.fastlane/bin/bundle/lib/ruby/gems/2.2.0/gems/commander-fastlane-4.4.6/lib/commander/delegates.rb:15:in `run!'&#10;/Users/anton/.fastlane/bin/bundle/lib/ruby/gems/2.2.0/gems/fastlane-2.84.0/fastlane/lib/fastlane/commands_generator.rb:337:in `run'&#10;/Users/anton/.fastlane/bin/bundle/lib/ruby/gems/2.2.0/gems/fastlane-2.84.0/fastlane/lib/fastlane/commands_generator.rb:42:in `start'&#10;/Users/anton/.fastlane/bin/bundle/lib/ruby/gems/2.2.0/gems/fastlane-2.84.0/fastlane/lib/fastlane/cli_tools_distributor.rb:98:in `take_off'&#10;/Users/anton/.fastlane/bin/bundle/lib/ruby/gems/2.2.0/gems/fastlane-2.84.0/bin/fastlane:20:in `&lt;top (required)&gt;'&#10;/Users/anton/.fastlane/bin/bundle/bin/fastlane:22:in `load'&#10;/Users/anton/.fastlane/bin/bundle/bin/fastlane:22:in `&lt;main&gt;'&#10;&#10; WARN - Crashlytics halted compilation because it can't distribute the unsigned APK: /Users/anton/Projects/MasterPlan/app/build/outputs/apk/release/app-release-unsigned.apk&#10;Exception in thread &quot;main&quot; com.crashlytics.tools.android.exception.PluginException: Distribution upload failed.&#10;	at com.crashlytics.tools.android.DeveloperTools.processProperties(DeveloperTools.java:667)&#10;	at com.crashlytics.tools.android.DeveloperTools.processArgsInternal(DeveloperTools.java:348)&#10;	at com.crashlytics.tools.android.DeveloperTools.main(DeveloperTools.java:273)&#10;Caused by: com.crashlytics.tools.android.exception.DistributionException: Crashlytics halted compilation because it can't distribute the unsigned APK: /Users/anton/Projects/MasterPlan/app/build/outputs/apk/release/app-release-unsigned.apk&#10;	at com.crashlytics.tools.android.DistributionTasks.uploadDistribution(DistributionTasks.java:57)&#10;	at com.crashlytics.tools.android.DeveloperTools.processProperties(DeveloperTools.java:665)&#10;	... 2 more&#10;" />
        
      </testcase>
    
  </testsuite>
</testsuites>
